# JRE version: Java(TM) SE Runtime Environment (8.0_211-b12) (build 1.8.0_211-b12)
# Java VM: Java HotSpot(TM) 64-Bit Server VM (25.211-b12 mixed mode windows-amd64 compressed oops)
Heap:
 PSYoungGen      total 1357824K, used 825122K [0x000000076b500000, 0x00000007bfe80000, 0x00000007c0000000)
  eden space 1331712K, 61% used [0x000000076b500000,0x000000079dab0af0,0x00000007bc980000)
  from space 26112K, 0% used [0x00000007be500000,0x00000007be518000,0x00000007bfe80000)
  to   space 27136K, 0% used [0x00000007bc980000,0x00000007bc980000,0x00000007be400000)
 ParOldGen       total 198144K, used 83336K [0x00000006c1e00000, 0x00000006cdf80000, 0x000000076b500000)
  object space 198144K, 42% used [0x00000006c1e00000,0x00000006c6f62370,0x00000006cdf80000)
 Metaspace       used 44857K, capacity 47050K, committed 47536K, reserved 1089536K
  class space    used 5845K, capacity 6827K, committed 6832K, reserved 1048576K
GC Heap History (10 events):
Event: 5.337 GC heap before
{Heap before GC invocations=18 (full 2):
 PSYoungGen      total 758272K, used 747452K [0x000000076b500000, 0x00000007ad480000, 0x00000007c0000000)
  eden space 743936K, 100% used [0x000000076b500000,0x0000000798b80000,0x0000000798b80000)
  from space 14336K, 24% used [0x0000000798b80000,0x0000000798eef360,0x0000000799980000)
  to   space 13824K, 0% used [0x00000007ac700000,0x00000007ac700000,0x00000007ad480000)
 ParOldGen       total 198144K, used 36253K [0x00000006c1e00000, 0x00000006cdf80000, 0x000000076b500000)
  object space 198144K, 18% used [0x00000006c1e00000,0x00000006c4167698,0x00000006cdf80000)
 Metaspace       used 35744K, capacity 37766K, committed 38192K, reserved 1081344K
  class space    used 4611K, capacity 5589K, committed 5680K, reserved 1048576K
Event: 5.340 GC heap after
Heap after GC invocations=18 (full 2):
 PSYoungGen      total 1066496K, used 480K [0x000000076b500000, 0x00000007ade00000, 0x00000007c0000000)
  eden space 1052672K, 0% used [0x000000076b500000,0x000000076b500000,0x00000007ab900000)
  from space 13824K, 3% used [0x00000007ac700000,0x00000007ac778000,0x00000007ad480000)
  to   space 14336K, 0% used [0x00000007ab900000,0x00000007ab900000,0x00000007ac700000)
 ParOldGen       total 198144K, used 38065K [0x00000006c1e00000, 0x00000006cdf80000, 0x000000076b500000)
  object space 198144K, 19% used [0x00000006c1e00000,0x00000006c432c718,0x00000006cdf80000)
 Metaspace       used 35744K, capacity 37766K, committed 38192K, reserved 1081344K
  class space    used 4611K, capacity 5589K, committed 5680K, reserved 1048576K
}
Event: 5.402 GC heap before
{Heap before GC invocations=19 (full 2):
 PSYoungGen      total 1066496K, used 1053152K [0x000000076b500000, 0x00000007ade00000, 0x00000007c0000000)
  eden space 1052672K, 100% used [0x000000076b500000,0x00000007ab900000,0x00000007ab900000)
  from space 13824K, 3% used [0x00000007ac700000,0x00000007ac778000,0x00000007ad480000)
  to   space 14336K, 0% used [0x00000007ab900000,0x00000007ab900000,0x00000007ac700000)
 ParOldGen       total 198144K, used 38065K [0x00000006c1e00000, 0x00000006cdf80000, 0x000000076b500000)
  object space 198144K, 19% used [0x00000006c1e00000,0x00000006c432c718,0x00000006cdf80000)
 Metaspace       used 35749K, capacity 37766K, committed 38192K, reserved 1081344K
  class space    used 4611K, capacity 5589K, committed 5680K, reserved 1048576K
Event: 5.404 GC heap after
Heap after GC invocations=19 (full 2):
 PSYoungGen      total 1067008K, used 448K [0x000000076b500000, 0x00000007bf480000, 0x00000007c0000000)
  eden space 1052672K, 0% used [0x000000076b500000,0x000000076b500000,0x00000007ab900000)
  from space 14336K, 3% used [0x00000007ab900000,0x00000007ab970000,0x00000007ac700000)
  to   space 14336K, 0% used [0x00000007be680000,0x00000007be680000,0x00000007bf480000)
 ParOldGen       total 198144K, used 38081K [0x00000006c1e00000, 0x00000006cdf80000, 0x000000076b500000)
  object space 198144K, 19% used [0x00000006c1e00000,0x00000006c4330718,0x00000006cdf80000)
 Metaspace       used 35749K, capacity 37766K, committed 38192K, reserved 1081344K
  class space    used 4611K, capacity 5589K, committed 5680K, reserved 1048576K
}
Event: 25.918 GC heap before
{Heap before GC invocations=20 (full 2):
 PSYoungGen      total 1067008K, used 1053120K [0x000000076b500000, 0x00000007bf480000, 0x00000007c0000000)
  eden space 1052672K, 100% used [0x000000076b500000,0x00000007ab900000,0x00000007ab900000)
  from space 14336K, 3% used [0x00000007ab900000,0x00000007ab970000,0x00000007ac700000)
  to   space 14336K, 0% used [0x00000007be680000,0x00000007be680000,0x00000007bf480000)
 ParOldGen       total 198144K, used 38081K [0x00000006c1e00000, 0x00000006cdf80000, 0x000000076b500000)
  object space 198144K, 19% used [0x00000006c1e00000,0x00000006c4330718,0x00000006cdf80000)
 Metaspace       used 44643K, capacity 46826K, committed 47280K, reserved 1089536K
  class space    used 5819K, capacity 6795K, committed 6832K, reserved 1048576K
Event: 25.939 GC heap after
Heap after GC invocations=20 (full 2):
 PSYoungGen      total 1335296K, used 14305K [0x000000076b500000, 0x00000007bf600000, 0x00000007c0000000)
  eden space 1320960K, 0% used [0x000000076b500000,0x000000076b500000,0x00000007bbf00000)
  from space 14336K, 99% used [0x00000007be680000,0x00000007bf478488,0x00000007bf480000)
  to   space 28160K, 0% used [0x00000007bbf00000,0x00000007bbf00000,0x00000007bda80000)
 ParOldGen       total 198144K, used 68923K [0x00000006c1e00000, 0x00000006cdf80000, 0x000000076b500000)
  object space 198144K, 34% used [0x00000006c1e00000,0x00000006c614ee28,0x00000006cdf80000)
 Metaspace       used 44643K, capacity 46826K, committed 47280K, reserved 1089536K
  class space    used 5819K, capacity 6795K, committed 6832K, reserved 1048576K
}
Event: 46.287 GC heap before
{Heap before GC invocations=21 (full 2):
 PSYoungGen      total 1335296K, used 1335265K [0x000000076b500000, 0x00000007bf600000, 0x00000007c0000000)
  eden space 1320960K, 100% used [0x000000076b500000,0x00000007bbf00000,0x00000007bbf00000)
  from space 14336K, 99% used [0x00000007be680000,0x00000007bf478488,0x00000007bf480000)
  to   space 28160K, 0% used [0x00000007bbf00000,0x00000007bbf00000,0x00000007bda80000)
 ParOldGen       total 198144K, used 68923K [0x00000006c1e00000, 0x00000006cdf80000, 0x000000076b500000)
  object space 198144K, 34% used [0x00000006c1e00000,0x00000006c614ee28,0x00000006cdf80000)
 Metaspace       used 44683K, capacity 46890K, committed 47280K, reserved 1089536K
  class space    used 5820K, capacity 6795K, committed 6832K, reserved 1048576K
Event: 46.298 GC heap after
Heap after GC invocations=21 (full 2):
 PSYoungGen      total 1349120K, used 160K [0x000000076b500000, 0x00000007c0000000, 0x00000007c0000000)
  eden space 1320960K, 0% used [0x000000076b500000,0x000000076b500000,0x00000007bbf00000)
  from space 28160K, 0% used [0x00000007bbf00000,0x00000007bbf28000,0x00000007bda80000)
  to   space 27648K, 0% used [0x00000007be500000,0x00000007be500000,0x00000007c0000000)
 ParOldGen       total 198144K, used 83296K [0x00000006c1e00000, 0x00000006cdf80000, 0x000000076b500000)
  object space 198144K, 42% used [0x00000006c1e00000,0x00000006c6f58370,0x00000006cdf80000)
 Metaspace       used 44683K, capacity 46890K, committed 47280K, reserved 1089536K
  class space    used 5820K, capacity 6795K, committed 6832K, reserved 1048576K
}
Event: 64.602 GC heap before
{Heap before GC invocations=22 (full 2):
 PSYoungGen      total 1349120K, used 1321120K [0x000000076b500000, 0x00000007c0000000, 0x00000007c0000000)
  eden space 1320960K, 100% used [0x000000076b500000,0x00000007bbf00000,0x00000007bbf00000)
  from space 28160K, 0% used [0x00000007bbf00000,0x00000007bbf28000,0x00000007bda80000)
  to   space 27648K, 0% used [0x00000007be500000,0x00000007be500000,0x00000007c0000000)
 ParOldGen       total 198144K, used 83296K [0x00000006c1e00000, 0x00000006cdf80000, 0x000000076b500000)
  object space 198144K, 42% used [0x00000006c1e00000,0x00000006c6f58370,0x00000006cdf80000)
 Metaspace       used 44683K, capacity 46890K, committed 47280K, reserved 1089536K
  class space    used 5820K, capacity 6795K, committed 6832K, reserved 1048576K
Event: 64.604 GC heap after
Heap after GC invocations=22 (full 2):
 PSYoungGen      total 1357824K, used 96K [0x000000076b500000, 0x00000007bfe80000, 0x00000007c0000000)
  eden space 1331712K, 0% used [0x000000076b500000,0x000000076b500000,0x00000007bc980000)
  from space 26112K, 0% used [0x00000007be500000,0x00000007be518000,0x00000007bfe80000)
  to   space 27136K, 0% used [0x00000007bc980000,0x00000007bc980000,0x00000007be400000)
 ParOldGen       total 198144K, used 83336K [0x00000006c1e00000, 0x00000006cdf80000, 0x000000076b500000)
  object space 198144K, 42% used [0x00000006c1e00000,0x00000006c6f62370,0x00000006cdf80000)
 Metaspace       used 44683K, capacity 46890K, committed 47280K, reserved 1089536K
  class space    used 5820K, capacity 6795K, committed 6832K, reserved 1048576K
}

